[2025-04-14 10:37:16] === DAILY AUTOMATION START ===
[2025-04-14 10:37:16] Running: env_loader.py
[2025-04-14 10:37:16] Loaded environment from .env.work
[2025-04-14 10:37:16] Running: project_path.py
[2025-04-14 10:37:16] PYTHONPATH updated: ['C:\\Users\\samq\\OneDrive - Digital Age Marketing Group\\Desktop\\Local Py\\Work Projects\\bar-directory-recon', 'C:\\Python312\\python312.zip', 'C:\\Python312\\DLLs', 'C:\\Python312\\Lib', 'C:\\Python312', 'C:\\Users\\samq\\AppData\\Roaming\\Python\\Python312\\site-packages', 'C:\\Users\\samq\\AppData\\Roaming\\Python\\Python312\\site-packages\\win32', 'C:\\Users\\samq\\AppData\\Roaming\\Python\\Python312\\site-packages\\win32\\lib', 'C:\\Users\\samq\\AppData\\Roaming\\Python\\Python312\\site-packages\\Pythonwin', 'C:\\Python312\\Lib\\site-packages', 'C:\\Users\\samq\\OneDrive - Digital Age Marketing Group\\Desktop\\Local Py\\Work Projects\\bar-directory-recon\\src']
[2025-04-14 10:37:16] Running: C:\Users\samq\OneDrive - Digital Age Marketing Group\Desktop\Local Py\Work Projects\bar-directory-recon\src\health_check.py
[2025-04-14 10:37:16] Loaded environment from .env.work
GMAIL_USER found
TO_EMAILS found
GMAIL_TOKEN_PATH found
LOCAL_GIT_REPO found
MOTION_API_KEY found
NGROK_AUTH_TOKEN found
MOTION_WORKSPACE_ID found
MOTION_PROJECT_ID found
GIT_EXECUTABLE_PATH found
All required environment variables are present.
[2025-04-14 10:37:16] Running: git_commit_and_notify.py
[2025-04-14 10:37:19] Loaded environment from .env.work
Loaded environment from .env.work
Loaded environment from .env.work
Loaded environment from .env.work
Error during commit and notify: 'charmap' codec can't encode character '\u274c' in position 0: character maps to <undefined>
[2025-04-14 10:37:19] Running: C:\Users\samq\OneDrive - Digital Age Marketing Group\Desktop\Local Py\Work Projects\bar-directory-recon\src\log_rotator.py
[2025-04-14 10:37:19] Loaded environment from .env.work
[2025-04-14 10:37:19] Running: generate_readme.py
[2025-04-14 10:37:19] Loaded environment from .env.work
README.md generated successfully.
[2025-04-14 10:37:19] Running: C:\Users\samq\OneDrive - Digital Age Marketing Group\Desktop\Local Py\Work Projects\bar-directory-recon\src\motion_task_via_email.py
[2025-04-14 10:37:20]
[2025-04-14 10:37:20] ERROR: Traceback (most recent call last):
  File "C:\Users\samq\OneDrive - Digital Age Marketing Group\Desktop\Local Py\Work Projects\bar-directory-recon\src\motion_task_via_email.py", line 7, in <module>
    from project_path import set_root_path
ModuleNotFoundError: No module named 'project_path'
[2025-04-14 10:37:20] === DAILY AUTOMATION COMPLETE ===

[2025-04-15 10:23:20] === DAILY AUTOMATION START ===
[2025-04-15 10:23:20] Running: env_loader.py
[2025-04-15 10:23:20] Loaded environment from .env.work
[2025-04-15 10:23:20] Running: project_path.py
[2025-04-15 10:23:20] PYTHONPATH updated: ['C:\\Users\\samq\\OneDrive - Digital Age Marketing Group\\Desktop\\Local Py\\Work Projects\\bar-directory-recon', 'C:\\Python312\\python312.zip', 'C:\\Python312\\DLLs', 'C:\\Python312\\Lib', 'C:\\Python312', 'C:\\Users\\samq\\AppData\\Roaming\\Python\\Python312\\site-packages', 'C:\\Users\\samq\\AppData\\Roaming\\Python\\Python312\\site-packages\\win32', 'C:\\Users\\samq\\AppData\\Roaming\\Python\\Python312\\site-packages\\win32\\lib', 'C:\\Users\\samq\\AppData\\Roaming\\Python\\Python312\\site-packages\\Pythonwin', 'C:\\Python312\\Lib\\site-packages', 'C:\\Users\\samq\\OneDrive - Digital Age Marketing Group\\Desktop\\Local Py\\Work Projects\\bar-directory-recon\\src']
[2025-04-15 10:23:20] Running: C:\Users\samq\OneDrive - Digital Age Marketing Group\Desktop\Local Py\Work Projects\bar-directory-recon\src\health_check.py
[2025-04-15 10:23:20] Loaded environment from .env.work
GMAIL_USER found
TO_EMAILS found
GMAIL_TOKEN_PATH found
LOCAL_GIT_REPO found
MOTION_API_KEY found
NGROK_AUTH_TOKEN found
MOTION_WORKSPACE_ID found
MOTION_PROJECT_ID found
GIT_EXECUTABLE_PATH found
All required environment variables are present.
[2025-04-15 10:23:20] Running: git_commit_and_notify.py
[2025-04-15 10:23:22] Loaded environment from .env.work
Loaded environment from .env.work
[2025-04-15 10:23:22] ERROR: Traceback (most recent call last):
  File "C:\Users\samq\OneDrive - Digital Age Marketing Group\Desktop\Local Py\Work Projects\bar-directory-recon\git_commit_and_notify.py", line 11, in <module>
    from auto_git_commit import run_git_command
ImportError: cannot import name 'run_git_command' from 'auto_git_commit' (C:\Users\samq\OneDrive - Digital Age Marketing Group\Desktop\Local Py\Work Projects\bar-directory-recon\auto_git_commit.py)
[2025-04-15 10:23:22] Running: C:\Users\samq\OneDrive - Digital Age Marketing Group\Desktop\Local Py\Work Projects\bar-directory-recon\src\log_rotator.py
[2025-04-15 10:23:22] Loaded environment from .env.work
[2025-04-15 10:23:22] Running: generate_readme.py
[2025-04-15 10:23:22] Loaded environment from .env.work
README.md generated successfully.
[2025-04-15 10:23:22] Running: C:\Users\samq\OneDrive - Digital Age Marketing Group\Desktop\Local Py\Work Projects\bar-directory-recon\src\motion_task_via_email.py
[2025-04-15 10:23:22]
[2025-04-15 10:23:22] ERROR: Traceback (most recent call last):
  File "C:\Users\samq\OneDrive - Digital Age Marketing Group\Desktop\Local Py\Work Projects\bar-directory-recon\src\motion_task_via_email.py", line 1, in <module>
    from project_path import set_root_path
ModuleNotFoundError: No module named 'project_path'
[2025-04-15 10:23:22] === DAILY AUTOMATION COMPLETE ===

[2025-04-15 10:29:52] === DAILY AUTOMATION START ===
[2025-04-15 10:29:52] Running: env_loader.py
[2025-04-15 10:29:52] Loaded environment from .env.work
[2025-04-15 10:29:52] Running: project_path.py
[2025-04-15 10:29:52] PYTHONPATH updated: ['C:\\Users\\samq\\OneDrive - Digital Age Marketing Group\\Desktop\\Local Py\\Work Projects\\bar-directory-recon', 'C:\\Python312\\python312.zip', 'C:\\Python312\\DLLs', 'C:\\Python312\\Lib', 'C:\\Python312', 'C:\\Users\\samq\\AppData\\Roaming\\Python\\Python312\\site-packages', 'C:\\Users\\samq\\AppData\\Roaming\\Python\\Python312\\site-packages\\win32', 'C:\\Users\\samq\\AppData\\Roaming\\Python\\Python312\\site-packages\\win32\\lib', 'C:\\Users\\samq\\AppData\\Roaming\\Python\\Python312\\site-packages\\Pythonwin', 'C:\\Python312\\Lib\\site-packages', 'C:\\Users\\samq\\OneDrive - Digital Age Marketing Group\\Desktop\\Local Py\\Work Projects\\bar-directory-recon\\src']
[2025-04-15 10:29:52] Running: C:\Users\samq\OneDrive - Digital Age Marketing Group\Desktop\Local Py\Work Projects\bar-directory-recon\src\health_check.py
[2025-04-15 10:29:52] Loaded environment from .env.work
GMAIL_USER found
TO_EMAILS found
GMAIL_TOKEN_PATH found
LOCAL_GIT_REPO found
MOTION_API_KEY found
NGROK_AUTH_TOKEN found
MOTION_WORKSPACE_ID found
MOTION_PROJECT_ID found
GIT_EXECUTABLE_PATH found
All required environment variables are present.
[2025-04-15 10:29:52] Running: git_commit_and_notify.py
[2025-04-15 10:29:53] Loaded environment from .env.work
Loaded environment from .env.work
Loaded environment from .env.work
Loaded environment from .env.work
[ERROR] Error during commit and notify: main() takes 0 positional arguments but 1 was given
[2025-04-15 10:29:53] ERROR: Traceback (most recent call last):
  File "C:\Users\samq\OneDrive - Digital Age Marketing Group\Desktop\Local Py\Work Projects\bar-directory-recon\git_commit_and_notify.py", line 31, in <module>
    git_commit_and_notify()
    ^^^^^^^^^^^^^^^^^^^^^
NameError: name 'git_commit_and_notify' is not defined
[2025-04-15 10:29:53] Running: C:\Users\samq\OneDrive - Digital Age Marketing Group\Desktop\Local Py\Work Projects\bar-directory-recon\src\log_rotator.py
[2025-04-15 10:29:53] Loaded environment from .env.work
[2025-04-15 10:29:53] Running: generate_readme.py
[2025-04-15 10:29:53] Loaded environment from .env.work
README.md generated successfully.
[2025-04-15 10:29:53] Running: C:\Users\samq\OneDrive - Digital Age Marketing Group\Desktop\Local Py\Work Projects\bar-directory-recon\src\motion_task_via_email.py
[2025-04-15 10:29:55] Loaded environment from .env.work
Motion task email sent successfully.
[2025-04-15 10:29:55] === DAILY AUTOMATION COMPLETE ===

[2025-04-15 10:31:57] === DAILY AUTOMATION START ===
[2025-04-15 10:31:57] Running: env_loader.py
[2025-04-15 10:31:57] Loaded environment from .env.work
[2025-04-15 10:31:57] Running: project_path.py
[2025-04-15 10:31:57] PYTHONPATH updated: ['C:\\Users\\samq\\OneDrive - Digital Age Marketing Group\\Desktop\\Local Py\\Work Projects\\bar-directory-recon', 'C:\\Python312\\python312.zip', 'C:\\Python312\\DLLs', 'C:\\Python312\\Lib', 'C:\\Python312', 'C:\\Users\\samq\\AppData\\Roaming\\Python\\Python312\\site-packages', 'C:\\Users\\samq\\AppData\\Roaming\\Python\\Python312\\site-packages\\win32', 'C:\\Users\\samq\\AppData\\Roaming\\Python\\Python312\\site-packages\\win32\\lib', 'C:\\Users\\samq\\AppData\\Roaming\\Python\\Python312\\site-packages\\Pythonwin', 'C:\\Python312\\Lib\\site-packages', 'C:\\Users\\samq\\OneDrive - Digital Age Marketing Group\\Desktop\\Local Py\\Work Projects\\bar-directory-recon\\src']
[2025-04-15 10:31:57] Running: C:\Users\samq\OneDrive - Digital Age Marketing Group\Desktop\Local Py\Work Projects\bar-directory-recon\src\health_check.py
[2025-04-15 10:31:57] Loaded environment from .env.work
GMAIL_USER found
TO_EMAILS found
GMAIL_TOKEN_PATH found
LOCAL_GIT_REPO found
MOTION_API_KEY found
NGROK_AUTH_TOKEN found
MOTION_WORKSPACE_ID found
MOTION_PROJECT_ID found
GIT_EXECUTABLE_PATH found
All required environment variables are present.
[2025-04-15 10:31:57] Running: git_commit_and_notify.py
[2025-04-15 10:31:58] Loaded environment from .env.work
Loaded environment from .env.work
Loaded environment from .env.work
Loaded environment from .env.work
[ERROR] Error during commit and notify: main() takes 0 positional arguments but 1 was given
[2025-04-15 10:31:58] Running: C:\Users\samq\OneDrive - Digital Age Marketing Group\Desktop\Local Py\Work Projects\bar-directory-recon\src\log_rotator.py
[2025-04-15 10:31:58] Loaded environment from .env.work
[2025-04-15 10:31:58] Running: generate_readme.py
[2025-04-15 10:31:58] Loaded environment from .env.work
README.md generated successfully.
[2025-04-15 10:31:58] Running: C:\Users\samq\OneDrive - Digital Age Marketing Group\Desktop\Local Py\Work Projects\bar-directory-recon\src\motion_task_via_email.py
[2025-04-15 10:31:59] Loaded environment from .env.work
Motion task email sent successfully.
[2025-04-15 10:31:59] === DAILY AUTOMATION COMPLETE ===

[2025-04-15 10:34:28] === DAILY AUTOMATION START ===
[2025-04-15 10:34:28] Running: env_loader.py
[2025-04-15 10:34:28] Loaded environment from .env.work
[2025-04-15 10:34:28] Running: project_path.py
[2025-04-15 10:34:28] PYTHONPATH updated: ['C:\\Users\\samq\\OneDrive - Digital Age Marketing Group\\Desktop\\Local Py\\Work Projects\\bar-directory-recon', 'C:\\Python312\\python312.zip', 'C:\\Python312\\DLLs', 'C:\\Python312\\Lib', 'C:\\Python312', 'C:\\Users\\samq\\AppData\\Roaming\\Python\\Python312\\site-packages', 'C:\\Users\\samq\\AppData\\Roaming\\Python\\Python312\\site-packages\\win32', 'C:\\Users\\samq\\AppData\\Roaming\\Python\\Python312\\site-packages\\win32\\lib', 'C:\\Users\\samq\\AppData\\Roaming\\Python\\Python312\\site-packages\\Pythonwin', 'C:\\Python312\\Lib\\site-packages', 'C:\\Users\\samq\\OneDrive - Digital Age Marketing Group\\Desktop\\Local Py\\Work Projects\\bar-directory-recon\\src']
[2025-04-15 10:34:28] Running: C:\Users\samq\OneDrive - Digital Age Marketing Group\Desktop\Local Py\Work Projects\bar-directory-recon\src\health_check.py
[2025-04-15 10:34:28] Loaded environment from .env.work
GMAIL_USER found
TO_EMAILS found
GMAIL_TOKEN_PATH found
LOCAL_GIT_REPO found
MOTION_API_KEY found
NGROK_AUTH_TOKEN found
MOTION_WORKSPACE_ID found
MOTION_PROJECT_ID found
GIT_EXECUTABLE_PATH found
All required environment variables are present.
[2025-04-15 10:34:28] Running: git_commit_and_notify.py
[2025-04-15 10:34:29] Loaded environment from .env.work
Loaded environment from .env.work
Loaded environment from .env.work
Loaded environment from .env.work
Loaded environment from .env.work
[ERROR] Error during commit and notify: name 'run_git_command' is not defined
[2025-04-15 10:34:29] Running: C:\Users\samq\OneDrive - Digital Age Marketing Group\Desktop\Local Py\Work Projects\bar-directory-recon\src\log_rotator.py
[2025-04-15 10:34:29] Loaded environment from .env.work
[2025-04-15 10:34:29] Running: generate_readme.py
[2025-04-15 10:34:29] Loaded environment from .env.work
README.md generated successfully.
[2025-04-15 10:34:29] Running: C:\Users\samq\OneDrive - Digital Age Marketing Group\Desktop\Local Py\Work Projects\bar-directory-recon\src\motion_task_via_email.py
[2025-04-15 10:34:31] Loaded environment from .env.work
Motion task email sent successfully.
[2025-04-15 10:34:31] === DAILY AUTOMATION COMPLETE ===

[2025-04-15 10:37:15] === DAILY AUTOMATION START ===
[2025-04-15 10:37:15] Running: env_loader.py
[2025-04-15 10:37:15] Loaded environment from .env.work
[2025-04-15 10:37:15] Running: project_path.py
[2025-04-15 10:37:15] PYTHONPATH updated: ['C:\\Users\\samq\\OneDrive - Digital Age Marketing Group\\Desktop\\Local Py\\Work Projects\\bar-directory-recon', 'C:\\Python312\\python312.zip', 'C:\\Python312\\DLLs', 'C:\\Python312\\Lib', 'C:\\Python312', 'C:\\Users\\samq\\AppData\\Roaming\\Python\\Python312\\site-packages', 'C:\\Users\\samq\\AppData\\Roaming\\Python\\Python312\\site-packages\\win32', 'C:\\Users\\samq\\AppData\\Roaming\\Python\\Python312\\site-packages\\win32\\lib', 'C:\\Users\\samq\\AppData\\Roaming\\Python\\Python312\\site-packages\\Pythonwin', 'C:\\Python312\\Lib\\site-packages', 'C:\\Users\\samq\\OneDrive - Digital Age Marketing Group\\Desktop\\Local Py\\Work Projects\\bar-directory-recon\\src']
[2025-04-15 10:37:15] Running: C:\Users\samq\OneDrive - Digital Age Marketing Group\Desktop\Local Py\Work Projects\bar-directory-recon\src\health_check.py
[2025-04-15 10:37:15] Loaded environment from .env.work
GMAIL_USER found
TO_EMAILS found
GMAIL_TOKEN_PATH found
LOCAL_GIT_REPO found
MOTION_API_KEY found
NGROK_AUTH_TOKEN found
MOTION_WORKSPACE_ID found
MOTION_PROJECT_ID found
GIT_EXECUTABLE_PATH found
All required environment variables are present.
[2025-04-15 10:37:15] Running: git_commit_and_notify.py
[2025-04-15 10:37:18] Loaded environment from .env.work
Loaded environment from .env.work
Loaded environment from .env.work
Loaded environment from .env.work
[ERROR] Error during commit and notify: 'charmap' codec can't encode character '\u274c' in position 0: character maps to <undefined>
[2025-04-15 10:37:18] Running: C:\Users\samq\OneDrive - Digital Age Marketing Group\Desktop\Local Py\Work Projects\bar-directory-recon\src\log_rotator.py
[2025-04-15 10:37:18] Loaded environment from .env.work
[2025-04-15 10:37:18] Running: generate_readme.py
[2025-04-15 10:37:18] Loaded environment from .env.work
README.md generated successfully.
[2025-04-15 10:37:18] Running: C:\Users\samq\OneDrive - Digital Age Marketing Group\Desktop\Local Py\Work Projects\bar-directory-recon\src\motion_task_via_email.py
[2025-04-15 10:37:20] Loaded environment from .env.work
Motion task email sent successfully.
[2025-04-15 10:37:20] === DAILY AUTOMATION COMPLETE ===

[2025-04-15 10:40:33] === DAILY AUTOMATION START ===
[2025-04-15 10:40:33] Running: env_loader.py
[2025-04-15 10:40:33] Loaded environment from .env.work
[2025-04-15 10:40:33] Running: project_path.py
[2025-04-15 10:40:33] PYTHONPATH updated: ['C:\\Users\\samq\\OneDrive - Digital Age Marketing Group\\Desktop\\Local Py\\Work Projects\\bar-directory-recon', 'C:\\Python312\\python312.zip', 'C:\\Python312\\DLLs', 'C:\\Python312\\Lib', 'C:\\Python312', 'C:\\Users\\samq\\AppData\\Roaming\\Python\\Python312\\site-packages', 'C:\\Users\\samq\\AppData\\Roaming\\Python\\Python312\\site-packages\\win32', 'C:\\Users\\samq\\AppData\\Roaming\\Python\\Python312\\site-packages\\win32\\lib', 'C:\\Users\\samq\\AppData\\Roaming\\Python\\Python312\\site-packages\\Pythonwin', 'C:\\Python312\\Lib\\site-packages', 'C:\\Users\\samq\\OneDrive - Digital Age Marketing Group\\Desktop\\Local Py\\Work Projects\\bar-directory-recon\\src']
[2025-04-15 10:40:33] Running: C:\Users\samq\OneDrive - Digital Age Marketing Group\Desktop\Local Py\Work Projects\bar-directory-recon\src\health_check.py
[2025-04-15 10:40:33] Loaded environment from .env.work
GMAIL_USER found
TO_EMAILS found
GMAIL_TOKEN_PATH found
LOCAL_GIT_REPO found
MOTION_API_KEY found
NGROK_AUTH_TOKEN found
MOTION_WORKSPACE_ID found
MOTION_PROJECT_ID found
GIT_EXECUTABLE_PATH found
All required environment variables are present.
[2025-04-15 10:40:33] Running: git_commit_and_notify.py
[2025-04-15 10:40:34] Loaded environment from .env.work
Loaded environment from .env.work
[2025-04-15 10:40:34] ERROR: Traceback (most recent call last):
  File "C:\Users\samq\OneDrive - Digital Age Marketing Group\Desktop\Local Py\Work Projects\bar-directory-recon\git_commit_and_notify.py", line 7, in <module>
    from motion_task_via_email import send_task_email
ModuleNotFoundError: No module named 'motion_task_via_email'
[2025-04-15 10:40:34] Running: C:\Users\samq\OneDrive - Digital Age Marketing Group\Desktop\Local Py\Work Projects\bar-directory-recon\src\log_rotator.py
[2025-04-15 10:40:34] Loaded environment from .env.work
[2025-04-15 10:40:34] Running: generate_readme.py
[2025-04-15 10:40:34] Loaded environment from .env.work
README.md generated successfully.
[2025-04-15 10:40:34] Running: C:\Users\samq\OneDrive - Digital Age Marketing Group\Desktop\Local Py\Work Projects\bar-directory-recon\src\motion_task_via_email.py
[2025-04-15 10:40:35] Loaded environment from .env.work
Motion task email sent successfully.
[2025-04-15 10:40:35] === DAILY AUTOMATION COMPLETE ===

[2025-04-15 10:43:43] === DAILY AUTOMATION START ===
[2025-04-15 10:43:43] Running: env_loader.py
[2025-04-15 10:43:43] Loaded environment from .env.work
[2025-04-15 10:43:43] Running: project_path.py
[2025-04-15 10:43:43] PYTHONPATH updated: ['C:\\Users\\samq\\OneDrive - Digital Age Marketing Group\\Desktop\\Local Py\\Work Projects\\bar-directory-recon', 'C:\\Python312\\python312.zip', 'C:\\Python312\\DLLs', 'C:\\Python312\\Lib', 'C:\\Python312', 'C:\\Users\\samq\\AppData\\Roaming\\Python\\Python312\\site-packages', 'C:\\Users\\samq\\AppData\\Roaming\\Python\\Python312\\site-packages\\win32', 'C:\\Users\\samq\\AppData\\Roaming\\Python\\Python312\\site-packages\\win32\\lib', 'C:\\Users\\samq\\AppData\\Roaming\\Python\\Python312\\site-packages\\Pythonwin', 'C:\\Python312\\Lib\\site-packages', 'C:\\Users\\samq\\OneDrive - Digital Age Marketing Group\\Desktop\\Local Py\\Work Projects\\bar-directory-recon\\src']
[2025-04-15 10:43:43] Running: C:\Users\samq\OneDrive - Digital Age Marketing Group\Desktop\Local Py\Work Projects\bar-directory-recon\src\health_check.py
[2025-04-15 10:43:43] Loaded environment from .env.work
GMAIL_USER found
TO_EMAILS found
GMAIL_TOKEN_PATH found
LOCAL_GIT_REPO found
MOTION_API_KEY found
NGROK_AUTH_TOKEN found
MOTION_WORKSPACE_ID found
MOTION_PROJECT_ID found
GIT_EXECUTABLE_PATH found
All required environment variables are present.
[2025-04-15 10:43:43] Running: git_commit_and_notify.py
[2025-04-15 10:43:46] Loaded environment from .env.work
Loaded environment from .env.work
Loaded environment from .env.work
Motion task email sent successfully.
[ERROR] Error during commit and notify: 'charmap' codec can't encode character '\u2705' in position 0: character maps to <undefined>
[2025-04-15 10:43:46] Running: C:\Users\samq\OneDrive - Digital Age Marketing Group\Desktop\Local Py\Work Projects\bar-directory-recon\src\log_rotator.py
[2025-04-15 10:43:46] Loaded environment from .env.work
[2025-04-15 10:43:46] Running: generate_readme.py
[2025-04-15 10:43:46] Loaded environment from .env.work
README.md generated successfully.
[2025-04-15 10:43:46] Running: C:\Users\samq\OneDrive - Digital Age Marketing Group\Desktop\Local Py\Work Projects\bar-directory-recon\src\motion_task_via_email.py
[2025-04-15 10:43:48] Loaded environment from .env.work
Motion task email sent successfully.
[2025-04-15 10:43:48] === DAILY AUTOMATION COMPLETE ===

[2025-04-15 10:48:56] === DAILY AUTOMATION START ===
[2025-04-15 10:48:56] Running: env_loader.py
[2025-04-15 10:48:56] Loaded environment from .env.work
[2025-04-15 10:48:56] Running: project_path.py
[2025-04-15 10:48:56] PYTHONPATH updated: ['C:\\Users\\samq\\OneDrive - Digital Age Marketing Group\\Desktop\\Local Py\\Work Projects\\bar-directory-recon', 'C:\\Python312\\python312.zip', 'C:\\Python312\\DLLs', 'C:\\Python312\\Lib', 'C:\\Python312', 'C:\\Users\\samq\\AppData\\Roaming\\Python\\Python312\\site-packages', 'C:\\Users\\samq\\AppData\\Roaming\\Python\\Python312\\site-packages\\win32', 'C:\\Users\\samq\\AppData\\Roaming\\Python\\Python312\\site-packages\\win32\\lib', 'C:\\Users\\samq\\AppData\\Roaming\\Python\\Python312\\site-packages\\Pythonwin', 'C:\\Python312\\Lib\\site-packages', 'C:\\Users\\samq\\OneDrive - Digital Age Marketing Group\\Desktop\\Local Py\\Work Projects\\bar-directory-recon\\src']
[2025-04-15 10:48:56] Running: C:\Users\samq\OneDrive - Digital Age Marketing Group\Desktop\Local Py\Work Projects\bar-directory-recon\src\health_check.py
[2025-04-15 10:48:56] Loaded environment from .env.work
GMAIL_USER found
TO_EMAILS found
GMAIL_TOKEN_PATH found
LOCAL_GIT_REPO found
MOTION_API_KEY found
NGROK_AUTH_TOKEN found
MOTION_WORKSPACE_ID found
MOTION_PROJECT_ID found
GIT_EXECUTABLE_PATH found
All required environment variables are present.
[2025-04-15 10:48:56] Running: git_commit_and_notify.py
[2025-04-15 10:48:59] Loaded environment from .env.work
Loaded environment from .env.work
Loaded environment from .env.work
Motion task email sent successfully.
[ERROR] Error during commit and notify: 'charmap' codec can't encode character '\u2705' in position 0: character maps to <undefined>
[2025-04-15 10:48:59] Running: C:\Users\samq\OneDrive - Digital Age Marketing Group\Desktop\Local Py\Work Projects\bar-directory-recon\src\log_rotator.py
[2025-04-15 10:48:59] Loaded environment from .env.work
[2025-04-15 10:48:59] Running: generate_readme.py
[2025-04-15 10:48:59] Loaded environment from .env.work
README.md generated successfully.
[2025-04-15 10:48:59] Running: C:\Users\samq\OneDrive - Digital Age Marketing Group\Desktop\Local Py\Work Projects\bar-directory-recon\src\motion_task_via_email.py
[2025-04-15 10:49:00] Loaded environment from .env.work
Motion task email sent successfully.
[2025-04-15 10:49:00] === DAILY AUTOMATION COMPLETE ===

[2025-04-15 11:24:27] === DAILY AUTOMATION START ===
[2025-04-15 11:24:27] Running: env_loader.py
[2025-04-15 11:24:27] Loaded environment from .env.work
[2025-04-15 11:24:27] Running: project_path.py
[2025-04-15 11:24:27] PYTHONPATH updated: ['C:\\Users\\samq\\OneDrive - Digital Age Marketing Group\\Desktop\\Local Py\\Work Projects\\bar-directory-recon', 'C:\\Python312\\python312.zip', 'C:\\Python312\\DLLs', 'C:\\Python312\\Lib', 'C:\\Python312', 'C:\\Users\\samq\\AppData\\Roaming\\Python\\Python312\\site-packages', 'C:\\Users\\samq\\AppData\\Roaming\\Python\\Python312\\site-packages\\win32', 'C:\\Users\\samq\\AppData\\Roaming\\Python\\Python312\\site-packages\\win32\\lib', 'C:\\Users\\samq\\AppData\\Roaming\\Python\\Python312\\site-packages\\Pythonwin', 'C:\\Python312\\Lib\\site-packages', 'C:\\Users\\samq\\OneDrive - Digital Age Marketing Group\\Desktop\\Local Py\\Work Projects\\bar-directory-recon\\src']
[2025-04-15 11:24:27] Running: C:\Users\samq\OneDrive - Digital Age Marketing Group\Desktop\Local Py\Work Projects\bar-directory-recon\src\health_check.py
[2025-04-15 11:24:27] Loaded environment from .env.work
GMAIL_USER found
TO_EMAILS found
GMAIL_TOKEN_PATH found
LOCAL_GIT_REPO found
MOTION_API_KEY found
NGROK_AUTH_TOKEN found
MOTION_WORKSPACE_ID found
MOTION_PROJECT_ID found
GIT_EXECUTABLE_PATH found
All required environment variables are present.
[2025-04-15 11:24:27] Running: git_commit_and_notify.py
[2025-04-15 11:24:30] Loaded environment from .env.work
Loaded environment from .env.work
Loaded environment from .env.work
Motion task email sent successfully.
[ERROR] Error during commit and notify: 'charmap' codec can't encode character '\u2705' in position 0: character maps to <undefined>
[2025-04-15 11:24:30] Running: C:\Users\samq\OneDrive - Digital Age Marketing Group\Desktop\Local Py\Work Projects\bar-directory-recon\src\log_rotator.py
[2025-04-15 11:24:30] Loaded environment from .env.work
[2025-04-15 11:24:30] Running: generate_readme.py
[2025-04-15 11:24:30] Loaded environment from .env.work
README.md generated successfully.
[2025-04-15 11:24:30] Running: C:\Users\samq\OneDrive - Digital Age Marketing Group\Desktop\Local Py\Work Projects\bar-directory-recon\src\motion_task_via_email.py
[2025-04-15 11:24:32] Loaded environment from .env.work
Motion task email sent successfully.
[2025-04-15 11:24:32] === DAILY AUTOMATION COMPLETE ===

[2025-04-15 13:44:22] === DAILY AUTOMATION START ===
[2025-04-15 13:44:22] Running: env_loader.py
[2025-04-15 13:44:22] Loaded environment from .env.work

[2025-04-15 13:44:22] Running: project_path.py
[2025-04-15 13:44:22] PYTHONPATH updated: ['C:\\Users\\samq\\OneDrive - Digital Age Marketing Group\\Desktop\\Local Py\\Work Projects\\bar-directory-recon', 'C:\\Python312\\python312.zip', 'C:\\Python312\\DLLs', 'C:\\Python312\\Lib', 'C:\\Python312', 'C:\\Users\\samq\\AppData\\Roaming\\Python\\Python312\\site-packages', 'C:\\Users\\samq\\AppData\\Roaming\\Python\\Python312\\site-packages\\win32', 'C:\\Users\\samq\\AppData\\Roaming\\Python\\Python312\\site-packages\\win32\\lib', 'C:\\Users\\samq\\AppData\\Roaming\\Python\\Python312\\site-packages\\Pythonwin', 'C:\\Python312\\Lib\\site-packages', 'C:\\Users\\samq\\OneDrive - Digital Age Marketing Group\\Desktop\\Local Py\\Work Projects\\bar-directory-recon\\src']

[2025-04-15 13:44:22] Running: src\health_check.py
[2025-04-15 13:44:22] Loaded environment from .env.work
GMAIL_USER found
TO_EMAILS found
GMAIL_TOKEN_PATH found
LOCAL_GIT_REPO found
MOTION_API_KEY found
NGROK_AUTH_TOKEN found
MOTION_WORKSPACE_ID found
MOTION_PROJECT_ID found
GIT_EXECUTABLE_PATH found
All required environment variables are present.

[2025-04-15 13:44:25] Running: git_commit_and_notify.py
[2025-04-15 13:44:25] Loaded environment from .env.work
Loaded environment from .env.work
Loaded environment from .env.work
Motion task email sent successfully.
Git commit completed.
Motion task email sent.
All tasks completed.

[2025-04-15 13:44:25] Running: src\log_rotator.py
[2025-04-15 13:44:25] Loaded environment from .env.work

[2025-04-15 13:44:25] Running: generate_readme.py
[2025-04-15 13:44:25] Loaded environment from .env.work
README.md generated successfully.

[2025-04-15 13:44:27] Running: src\motion_task_via_email.py
[2025-04-15 13:44:27] Loaded environment from .env.work
Motion task email sent successfully.

[2025-04-15 13:44:27] FAILED: src\log_summary.py
[2025-04-15 13:44:27] Traceback (most recent call last):
  File "C:\Users\samq\OneDrive - Digital Age Marketing Group\Desktop\Local Py\Work Projects\bar-directory-recon\src\log_summary.py", line 4, in <module>
    from env_loader import load_environment
ModuleNotFoundError: No module named 'env_loader'

[2025-04-15 13:44:28] FAILED: src\backup_manager.py
[2025-04-15 13:44:28] Traceback (most recent call last):
  File "C:\Users\samq\OneDrive - Digital Age Marketing Group\Desktop\Local Py\Work Projects\bar-directory-recon\src\backup_manager.py", line 4, in <module>
    from env_loader import load_environment
ModuleNotFoundError: No module named 'env_loader'

[2025-04-15 13:44:28] Running: cleanup_old_files.py
[2025-04-15 13:44:28] === DAILY AUTOMATION COMPLETE ===

[2025-04-15 13:53:59] === DAILY AUTOMATION START ===
[2025-04-15 13:53:59] Running: env_loader.py
[2025-04-15 13:53:59] Loaded environment from .env.work

[2025-04-15 13:53:59] Running: project_path.py
[2025-04-15 13:53:59] PYTHONPATH updated: ['C:\\Users\\samq\\OneDrive - Digital Age Marketing Group\\Desktop\\Local Py\\Work Projects\\bar-directory-recon', 'C:\\Python312\\python312.zip', 'C:\\Python312\\DLLs', 'C:\\Python312\\Lib', 'C:\\Python312', 'C:\\Users\\samq\\AppData\\Roaming\\Python\\Python312\\site-packages', 'C:\\Users\\samq\\AppData\\Roaming\\Python\\Python312\\site-packages\\win32', 'C:\\Users\\samq\\AppData\\Roaming\\Python\\Python312\\site-packages\\win32\\lib', 'C:\\Users\\samq\\AppData\\Roaming\\Python\\Python312\\site-packages\\Pythonwin', 'C:\\Python312\\Lib\\site-packages', 'C:\\Users\\samq\\OneDrive - Digital Age Marketing Group\\Desktop\\Local Py\\Work Projects\\bar-directory-recon\\src']

[2025-04-15 13:53:59] Running: src\health_check.py
[2025-04-15 13:53:59] Loaded environment from .env.work
GMAIL_USER found
TO_EMAILS found
GMAIL_TOKEN_PATH found
LOCAL_GIT_REPO found
MOTION_API_KEY found
NGROK_AUTH_TOKEN found
MOTION_WORKSPACE_ID found
MOTION_PROJECT_ID found
GIT_EXECUTABLE_PATH found
All required environment variables are present.

[2025-04-15 13:54:02] Running: git_commit_and_notify.py
[2025-04-15 13:54:02] Loaded environment from .env.work
Loaded environment from .env.work
Loaded environment from .env.work
Motion task email sent successfully.
Git commit completed.
Motion task email sent.
All tasks completed.

[2025-04-15 13:54:02] Running: src\log_rotator.py
[2025-04-15 13:54:02] Loaded environment from .env.work

[2025-04-15 13:54:02] Running: generate_readme.py
[2025-04-15 13:54:02] Loaded environment from .env.work
README.md generated successfully.

[2025-04-15 13:54:04] Running: src\motion_task_via_email.py
[2025-04-15 13:54:04] Loaded environment from .env.work
Motion task email sent successfully.

[2025-04-15 13:54:04] FAILED: src\log_summary.py
[2025-04-15 13:54:04] Traceback (most recent call last):
  File "C:\Users\samq\OneDrive - Digital Age Marketing Group\Desktop\Local Py\Work Projects\bar-directory-recon\src\log_summary.py", line 28, in <module>
    print(f"\u2705 Log summary saved to {SUMMARY_FILE}")
  File "C:\Python312\Lib\encodings\cp1252.py", line 19, in encode
    return codecs.charmap_encode(input,self.errors,encoding_table)[0]
           ^^^^^^^^^^^^^^^^^^^^^^^^^^^^^^^^^^^^^^^^^^^^^^^^^^^^^^^
UnicodeEncodeError: 'charmap' codec can't encode character '\u2705' in position 0: character maps to <undefined>

[2025-04-15 13:54:04] FAILED: src\backup_manager.py
[2025-04-15 13:54:04] Traceback (most recent call last):
  File "C:\Users\samq\OneDrive - Digital Age Marketing Group\Desktop\Local Py\Work Projects\bar-directory-recon\src\backup_manager.py", line 24, in <module>
    create_timestamped_archive()
  File "C:\Users\samq\OneDrive - Digital Age Marketing Group\Desktop\Local Py\Work Projects\bar-directory-recon\src\backup_manager.py", line 21, in create_timestamped_archive
    print(f"\u2705 Archive created at: {archive_path}")
  File "C:\Python312\Lib\encodings\cp1252.py", line 19, in encode
    return codecs.charmap_encode(input,self.errors,encoding_table)[0]
           ^^^^^^^^^^^^^^^^^^^^^^^^^^^^^^^^^^^^^^^^^^^^^^^^^^^^^^^
UnicodeEncodeError: 'charmap' codec can't encode character '\u2705' in position 0: character maps to <undefined>

[2025-04-15 13:54:04] Running: cleanup_old_files.py
[2025-04-15 13:54:04] === DAILY AUTOMATION COMPLETE ===

[2025-04-15 13:58:15] === DAILY AUTOMATION START ===
[2025-04-15 13:58:15] Running: env_loader.py
[2025-04-15 13:58:15] Loaded environment from .env.work

[2025-04-15 13:58:15] Running: project_path.py
[2025-04-15 13:58:15] PYTHONPATH updated: ['C:\\Users\\samq\\OneDrive - Digital Age Marketing Group\\Desktop\\Local Py\\Work Projects\\bar-directory-recon', 'C:\\Python312\\python312.zip', 'C:\\Python312\\DLLs', 'C:\\Python312\\Lib', 'C:\\Python312', 'C:\\Users\\samq\\AppData\\Roaming\\Python\\Python312\\site-packages', 'C:\\Users\\samq\\AppData\\Roaming\\Python\\Python312\\site-packages\\win32', 'C:\\Users\\samq\\AppData\\Roaming\\Python\\Python312\\site-packages\\win32\\lib', 'C:\\Users\\samq\\AppData\\Roaming\\Python\\Python312\\site-packages\\Pythonwin', 'C:\\Python312\\Lib\\site-packages', 'C:\\Users\\samq\\OneDrive - Digital Age Marketing Group\\Desktop\\Local Py\\Work Projects\\bar-directory-recon\\src']

[2025-04-15 13:58:15] Running: src\health_check.py
[2025-04-15 13:58:15] Loaded environment from .env.work
GMAIL_USER found
TO_EMAILS found
GMAIL_TOKEN_PATH found
LOCAL_GIT_REPO found
MOTION_API_KEY found
NGROK_AUTH_TOKEN found
MOTION_WORKSPACE_ID found
MOTION_PROJECT_ID found
GIT_EXECUTABLE_PATH found
All required environment variables are present.

[2025-04-15 13:58:18] Running: git_commit_and_notify.py
[2025-04-15 13:58:18] Loaded environment from .env.work
Loaded environment from .env.work
Loaded environment from .env.work
Motion task email sent successfully.
Git commit completed.
Motion task email sent.
All tasks completed.

[2025-04-15 13:58:18] Running: src\log_rotator.py
[2025-04-15 13:58:18] Loaded environment from .env.work

[2025-04-15 13:58:18] Running: generate_readme.py
[2025-04-15 13:58:18] Loaded environment from .env.work
README.md generated successfully.

[2025-04-15 13:58:20] Running: src\motion_task_via_email.py
[2025-04-15 13:58:20] Loaded environment from .env.work
Motion task email sent successfully.

[2025-04-15 13:58:20] Running: src\log_summary.py
[2025-04-15 13:58:20] Loaded environment from .env.work
Log summary saved to src/logs\log_summary.txt

[2025-04-15 13:58:20] Running: src\backup_manager.py
[2025-04-15 13:58:20] Loaded environment from .env.work
Archive created at: src/backups\archives\backup_archive_20250415_135820.zip

[2025-04-15 13:58:20] Running: cleanup_old_files.py
[2025-04-15 13:58:20] === DAILY AUTOMATION COMPLETE ===

[2025-04-15 15:30:51] === DAILY AUTOMATION START ===
[2025-04-15 15:30:51] Running: env_loader.py
[2025-04-15 15:30:51] Loaded environment from .env.work

[2025-04-15 15:30:51] Running: project_path.py
[2025-04-15 15:30:51] PYTHONPATH updated: ['C:\\Users\\samq\\OneDrive - Digital Age Marketing Group\\Desktop\\Local Py\\Work Projects\\bar-directory-recon', 'C:\\Python312\\python312.zip', 'C:\\Python312\\DLLs', 'C:\\Python312\\Lib', 'C:\\Python312', 'C:\\Users\\samq\\AppData\\Roaming\\Python\\Python312\\site-packages', 'C:\\Users\\samq\\AppData\\Roaming\\Python\\Python312\\site-packages\\win32', 'C:\\Users\\samq\\AppData\\Roaming\\Python\\Python312\\site-packages\\win32\\lib', 'C:\\Users\\samq\\AppData\\Roaming\\Python\\Python312\\site-packages\\Pythonwin', 'C:\\Python312\\Lib\\site-packages', 'C:\\Users\\samq\\OneDrive - Digital Age Marketing Group\\Desktop\\Local Py\\Work Projects\\bar-directory-recon\\src']

[2025-04-15 15:30:51] Running: src\health_check.py
[2025-04-15 15:30:51] Loaded environment from .env.work
GMAIL_USER found
TO_EMAILS found
GMAIL_TOKEN_PATH found
LOCAL_GIT_REPO found
MOTION_API_KEY found
NGROK_AUTH_TOKEN found
MOTION_WORKSPACE_ID found
MOTION_PROJECT_ID found
GIT_EXECUTABLE_PATH found
All required environment variables are present.

[2025-04-15 15:30:54] Running: git_commit_and_notify.py
[2025-04-15 15:30:54] Loaded environment from .env.work
Loaded environment from .env.work
Loaded environment from .env.work
Motion task email sent successfully.
Git commit completed.
Motion task email sent.
All tasks completed.

[2025-04-15 15:30:54] Running: src\log_rotator.py
[2025-04-15 15:30:54] Loaded environment from .env.work

[2025-04-15 15:30:54] Running: generate_readme.py
[2025-04-15 15:30:54] Loaded environment from .env.work
README.md generated successfully.

[2025-04-15 15:30:56] Running: src\motion_task_via_email.py
[2025-04-15 15:30:56] Loaded environment from .env.work
Motion task email sent successfully.

[2025-04-15 15:30:56] Running: src\log_summary.py
[2025-04-15 15:30:56] Loaded environment from .env.work
Log summary saved to src/logs\log_summary.txt

[2025-04-15 15:30:56] Running: src\backup_manager.py
[2025-04-15 15:30:56] Loaded environment from .env.work
Archive created at: src/backups\archives\backup_archive_20250415_153056.zip

[2025-04-15 15:30:56] FAILED: cleanup_old_files.py
[2025-04-15 15:30:56] python: can't open file 'C:\\Users\\samq\\OneDrive - Digital Age Marketing Group\\Desktop\\Local Py\\Work Projects\\bar-directory-recon\\cleanup_old_files.py': [Errno 2] No such file or directory

[2025-04-15 15:30:57] FAILED: src\email_summary_report.py
[2025-04-15 15:30:57] Traceback (most recent call last):
  File "C:\Users\samq\OneDrive - Digital Age Marketing Group\Desktop\Local Py\Work Projects\bar-directory-recon\src\email_summary_report.py", line 7, in <module>
    from env_loader import load_environment
ModuleNotFoundError: No module named 'env_loader'

[2025-04-15 15:30:57] Running: cleanup_old_files.py
[2025-04-15 15:30:57] === DAILY AUTOMATION COMPLETE ===

[2025-04-15 15:42:29] === DAILY AUTOMATION START ===
[2025-04-15 15:42:29] Running: env_loader.py
[2025-04-15 15:42:29] Loaded environment from .env.work

[2025-04-15 15:42:29] Running: project_path.py
[2025-04-15 15:42:29] PYTHONPATH updated: ['C:\\Users\\samq\\OneDrive - Digital Age Marketing Group\\Desktop\\Local Py\\Work Projects\\bar-directory-recon', 'C:\\Python312\\python312.zip', 'C:\\Python312\\DLLs', 'C:\\Python312\\Lib', 'C:\\Python312', 'C:\\Users\\samq\\AppData\\Roaming\\Python\\Python312\\site-packages', 'C:\\Users\\samq\\AppData\\Roaming\\Python\\Python312\\site-packages\\win32', 'C:\\Users\\samq\\AppData\\Roaming\\Python\\Python312\\site-packages\\win32\\lib', 'C:\\Users\\samq\\AppData\\Roaming\\Python\\Python312\\site-packages\\Pythonwin', 'C:\\Python312\\Lib\\site-packages', 'C:\\Users\\samq\\OneDrive - Digital Age Marketing Group\\Desktop\\Local Py\\Work Projects\\bar-directory-recon\\src']

[2025-04-15 15:42:29] Running: src\health_check.py
[2025-04-15 15:42:29] Loaded environment from .env.work
GMAIL_USER found
TO_EMAILS found
GMAIL_TOKEN_PATH found
LOCAL_GIT_REPO found
MOTION_API_KEY found
NGROK_AUTH_TOKEN found
MOTION_WORKSPACE_ID found
MOTION_PROJECT_ID found
GIT_EXECUTABLE_PATH found
All required environment variables are present.

[2025-04-15 15:42:32] Running: git_commit_and_notify.py
[2025-04-15 15:42:32] Loaded environment from .env.work
Loaded environment from .env.work
Loaded environment from .env.work
Motion task email sent successfully.
Git commit completed.
Motion task email sent.
All tasks completed.

[2025-04-15 15:42:32] Running: src\log_rotator.py
[2025-04-15 15:42:32] Loaded environment from .env.work

[2025-04-15 15:42:32] Running: generate_readme.py
[2025-04-15 15:42:32] Loaded environment from .env.work
README.md generated successfully.

[2025-04-15 15:42:33] Running: src\motion_task_via_email.py
[2025-04-15 15:42:33] Loaded environment from .env.work
Motion task email sent successfully.

[2025-04-15 15:42:33] Running: src\log_summary.py
[2025-04-15 15:42:33] Loaded environment from .env.work
Log summary saved to src/logs\log_summary.txt

[2025-04-15 15:42:34] Running: src\backup_manager.py
[2025-04-15 15:42:34] Loaded environment from .env.work
Archive created at: src/backups\archives\backup_archive_20250415_154233.zip

[2025-04-15 15:42:34] Running: src\cleanup_old_files.py
[2025-04-15 15:42:34] [2025-04-15 15:42:34] === CLEANUP START ===
[2025-04-15 15:42:34] [DELETE] Removed: C:\Users\samq\OneDrive - Digital Age Marketing Group\Desktop\Local Py\Work Projects\bar-directory-recon\src\logs\utah_bar_scraper_20250313_123220.log
[2025-04-15 15:42:34] [DELETE] Removed: C:\Users\samq\OneDrive - Digital Age Marketing Group\Desktop\Local Py\Work Projects\bar-directory-recon\src\logs\utah_bar_scraper_20250313_170311.log
[2025-04-15 15:42:34] [CLEAN] No files deleted in: C:\Users\samq\OneDrive - Digital Age Marketing Group\Desktop\Local Py\Work Projects\bar-directory-recon\src\backups
[2025-04-15 15:42:34] === CLEANUP COMPLETE ===

[2025-04-15 15:42:35] FAILED: src\email_summary_report.py
[2025-04-15 15:42:35] Traceback (most recent call last):
  File "C:\Users\samq\OneDrive - Digital Age Marketing Group\Desktop\Local Py\Work Projects\bar-directory-recon\src\email_summary_report.py", line 47, in send_email_summary
    print("\u2705 Summary email sent.")
  File "C:\Python312\Lib\encodings\cp1252.py", line 19, in encode
    return codecs.charmap_encode(input,self.errors,encoding_table)[0]
           ^^^^^^^^^^^^^^^^^^^^^^^^^^^^^^^^^^^^^^^^^^^^^^^^^^^^^^^
UnicodeEncodeError: 'charmap' codec can't encode character '\u2705' in position 0: character maps to <undefined>

During handling of the above exception, another exception occurred:

Traceback (most recent call last):
  File "C:\Users\samq\OneDrive - Digital Age Marketing Group\Desktop\Local Py\Work Projects\bar-directory-recon\src\email_summary_report.py", line 52, in <module>
    send_email_summary()
  File "C:\Users\samq\OneDrive - Digital Age Marketing Group\Desktop\Local Py\Work Projects\bar-directory-recon\src\email_summary_report.py", line 49, in send_email_summary
    print(f"\u274c Failed to send summary email: {e}")
  File "C:\Python312\Lib\encodings\cp1252.py", line 19, in encode
    return codecs.charmap_encode(input,self.errors,encoding_table)[0]
           ^^^^^^^^^^^^^^^^^^^^^^^^^^^^^^^^^^^^^^^^^^^^^^^^^^^^^^^
UnicodeEncodeError: 'charmap' codec can't encode character '\u274c' in position 0: character maps to <undefined>

[2025-04-15 15:42:35] Running: cleanup_old_files.py
[2025-04-15 15:42:35] === DAILY AUTOMATION COMPLETE ===

[2025-04-15 15:43:01] === DAILY AUTOMATION START ===
[2025-04-15 15:43:01] Running: env_loader.py
[2025-04-15 15:43:01] Loaded environment from .env.work

[2025-04-15 15:43:01] Running: project_path.py
[2025-04-15 15:43:01] PYTHONPATH updated: ['C:\\Users\\samq\\OneDrive - Digital Age Marketing Group\\Desktop\\Local Py\\Work Projects\\bar-directory-recon', 'C:\\Python312\\python312.zip', 'C:\\Python312\\DLLs', 'C:\\Python312\\Lib', 'C:\\Python312', 'C:\\Users\\samq\\AppData\\Roaming\\Python\\Python312\\site-packages', 'C:\\Users\\samq\\AppData\\Roaming\\Python\\Python312\\site-packages\\win32', 'C:\\Users\\samq\\AppData\\Roaming\\Python\\Python312\\site-packages\\win32\\lib', 'C:\\Users\\samq\\AppData\\Roaming\\Python\\Python312\\site-packages\\Pythonwin', 'C:\\Python312\\Lib\\site-packages', 'C:\\Users\\samq\\OneDrive - Digital Age Marketing Group\\Desktop\\Local Py\\Work Projects\\bar-directory-recon\\src']

[2025-04-15 15:43:01] Running: src\health_check.py
[2025-04-15 15:43:01] Loaded environment from .env.work
GMAIL_USER found
TO_EMAILS found
GMAIL_TOKEN_PATH found
LOCAL_GIT_REPO found
MOTION_API_KEY found
NGROK_AUTH_TOKEN found
MOTION_WORKSPACE_ID found
MOTION_PROJECT_ID found
GIT_EXECUTABLE_PATH found
All required environment variables are present.
