2025-03-18 17:16:48,590 - INFO - \u2705 Git commit and push successful: Auto-commit: 2025-03-18 17:16:47
2025-03-19 00:00:14,158 - INFO - \u2705 Git commit and push successful: Auto-commit: 2025-03-19 00:00:03
2025-03-19 17:21:00,751 - INFO - \u2705 Git commit and push successful: Auto-commit: 2025-03-19 17:20:59
2025-03-20 09:36:18,002 - INFO - No changes detected. Skipping commit.
2025-03-21 00:00:17,901 - INFO - \u2705 Git commit and push successful: Auto-commit: 2025-03-21 00:00:03
2025-03-22 00:35:56,552 - INFO - \u26a0\ufe0f No changes detected. Forcing an empty commit.
2025-03-22 00:35:57,969 - INFO - \u2705 Git push successful.
2025-03-22 18:49:17,883 - INFO - Git push successful.
2025-03-22 20:22:55,659 - ERROR - ⚠️ Git commit process failed: [WinError 2] The system cannot find the file specified
2025-03-22 23:12:59,742 - ERROR - ⚠️ Git commit process failed: [WinError 2] The system cannot find the file specified
2025-03-22 23:28:05,688 - ERROR - ⚠️ Git commit process failed: [WinError 2] The system cannot find the file specified
2025-03-23 00:07:42,595 - ERROR - ⚠️ Git commit process failed: [WinError 2] The system cannot find the file specified
2025-03-23 20:57:06,536 — ERROR — 🔥 Auto Git Commit failed: chdir: path should be string, bytes or os.PathLike, not NoneType
2025-03-23 21:04:50,658 — ERROR — 🔥 Auto Git Commit failed: chdir: path should be string, bytes or os.PathLike, not NoneType
2025-03-25 13:58:46,280 - INFO - ✅ Successfully committed and pushed changes.
2025-03-25 13:58:46,295 - ERROR - ❌ Combined operation failed: 'utf-8' codec can't decode byte 0x80 in position 0: invalid start byte
2025-03-25 15:54:20,048 - INFO - ✅ Successfully committed and pushed changes.
2025-03-25 15:54:20,079 - INFO - file_cache is only supported with oauth2client<4.0.0
2025-03-25 15:54:20,917 - INFO - ✅ Notification email sent successfully: 195cedec56dd1256
2025-03-25 16:09:55,518 - INFO - ✅ Successfully committed and pushed changes.
2025-03-25 16:09:55,604 - INFO - file_cache is only supported with oauth2client<4.0.0
2025-03-25 16:09:57,008 - INFO - ✅ Notification email sent successfully: 195ceed0d1ef4735
2025-03-25 17:09:43,700 — INFO — ✅ Commit created: Auto-commit: 2025-03-25 17:09:43
2025-03-25 17:09:44,811 — INFO — ✅ Git push successful.
2025-03-26 00:00:02,747 — INFO — ✅ Commit created: Auto-commit: 2025-03-26 00:00:01
2025-03-26 00:00:12,708 — INFO — ✅ Git push successful.
