
[DateTime]
2025-04-15T11:13:29.784158

[Computer Name]
SalesRep

[Platform]
Windows

[OS Version]
10.0.22631

[Python Executable]
C:\Python312\python.exe

[Python Version]
3.12.6

[Current Working Dir]
C:\Users\samq\OneDrive - Digital Age Marketing Group\Desktop\Local Py\Work Projects\bar-directory-recon

[Disk Usage]
  Total: 475 GB
  Used: 191 GB
  Free: 284 GB

[Git Status]
On branch main
Your branch is up to date with 'origin/main'.

Changes not staged for commit:
  (use "git add <file>..." to update what will be committed)
  (use "git restore <file>..." to discard changes in working directory)
	modified:   automation_run.log
	modified:   git_commit_notify.log

Untracked files:
  (use "git add <file>..." to include in what will be committed)
	system_report.py

no changes added to commit (use "git add" and/or "git commit -a")


[Environment Variables]
  GMAIL_USER: ✅ Found
  TO_EMAILS: ✅ Found
  GMAIL_TOKEN_PATH: ✅ Found
  LOCAL_GIT_REPO: ✅ Found
  MOTION_API_KEY: ✅ Found
  NGROK_AUTH_TOKEN: ✅ Found
  MOTION_WORKSPACE_ID: ✅ Found
  MOTION_PROJECT_ID: ✅ Found
  GIT_EXECUTABLE_PATH: ✅ Found
